2019-04-02 11:21:16,497 DEBUG [Forwarding newSession on session null to remote] RequestAddCookies:123 - CookieSpec selected: default
2019-04-02 11:21:16,519 DEBUG [Forwarding newSession on session null to remote] RequestAuthCache:77 - Auth cache not set in the context
2019-04-02 11:21:16,522 DEBUG [Forwarding newSession on session null to remote] PoolingHttpClientConnectionManager:255 - Connection request: [route: {}->http://localhost:40624][total kept alive: 0; route allocated: 0 of 2000; total allocated: 0 of 2000]
2019-04-02 11:21:16,558 DEBUG [Forwarding newSession on session null to remote] PoolingHttpClientConnectionManager:288 - Connection leased: [id: 0][route: {}->http://localhost:40624][total kept alive: 0; route allocated: 1 of 2000; total allocated: 1 of 2000]
2019-04-02 11:21:16,560 DEBUG [Forwarding newSession on session null to remote] MainClientExec:235 - Opening connection {}->http://localhost:40624
2019-04-02 11:21:16,562 DEBUG [Forwarding newSession on session null to remote] DefaultHttpClientConnectionOperator:139 - Connecting to localhost/127.0.0.1:40624
2019-04-02 11:21:16,565 DEBUG [Forwarding newSession on session null to remote] DefaultHttpClientConnectionOperator:146 - Connection established 127.0.0.1:50830<->127.0.0.1:40624
2019-04-02 11:21:16,566 DEBUG [Forwarding newSession on session null to remote] DefaultManagedHttpClientConnection:88 - http-outgoing-0: set socket timeout to 10800000
2019-04-02 11:21:16,566 DEBUG [Forwarding newSession on session null to remote] MainClientExec:256 - Executing request POST /session HTTP/1.1
2019-04-02 11:21:16,567 DEBUG [Forwarding newSession on session null to remote] MainClientExec:261 - Target auth state: UNCHALLENGED
2019-04-02 11:21:16,570 DEBUG [Forwarding newSession on session null to remote] MainClientExec:267 - Proxy auth state: UNCHALLENGED
2019-04-02 11:21:16,572 DEBUG [Forwarding newSession on session null to remote] headers:133 - http-outgoing-0 >> POST /session HTTP/1.1
2019-04-02 11:21:16,573 DEBUG [Forwarding newSession on session null to remote] headers:136 - http-outgoing-0 >> Content-Type: application/json; charset=utf-8
2019-04-02 11:21:16,574 DEBUG [Forwarding newSession on session null to remote] headers:136 - http-outgoing-0 >> Content-Length: 550
2019-04-02 11:21:16,574 DEBUG [Forwarding newSession on session null to remote] headers:136 - http-outgoing-0 >> Host: localhost:40624
2019-04-02 11:21:16,574 DEBUG [Forwarding newSession on session null to remote] headers:136 - http-outgoing-0 >> Connection: Keep-Alive
2019-04-02 11:21:16,583 DEBUG [Forwarding newSession on session null to remote] headers:136 - http-outgoing-0 >> User-Agent: Apache-HttpClient/4.5.3 (Java/10.0.2)
2019-04-02 11:21:16,584 DEBUG [Forwarding newSession on session null to remote] headers:136 - http-outgoing-0 >> Accept-Encoding: gzip,deflate
2019-04-02 11:21:16,584 DEBUG [Forwarding newSession on session null to remote] wire:73 - http-outgoing-0 >> "POST /session HTTP/1.1[\r][\n]"
2019-04-02 11:21:16,585 DEBUG [Forwarding newSession on session null to remote] wire:73 - http-outgoing-0 >> "Content-Type: application/json; charset=utf-8[\r][\n]"
2019-04-02 11:21:16,585 DEBUG [Forwarding newSession on session null to remote] wire:73 - http-outgoing-0 >> "Content-Length: 550[\r][\n]"
2019-04-02 11:21:16,586 DEBUG [Forwarding newSession on session null to remote] wire:73 - http-outgoing-0 >> "Host: localhost:40624[\r][\n]"
2019-04-02 11:21:16,586 DEBUG [Forwarding newSession on session null to remote] wire:73 - http-outgoing-0 >> "Connection: Keep-Alive[\r][\n]"
2019-04-02 11:21:16,587 DEBUG [Forwarding newSession on session null to remote] wire:73 - http-outgoing-0 >> "User-Agent: Apache-HttpClient/4.5.3 (Java/10.0.2)[\r][\n]"
2019-04-02 11:21:16,587 DEBUG [Forwarding newSession on session null to remote] wire:73 - http-outgoing-0 >> "Accept-Encoding: gzip,deflate[\r][\n]"
2019-04-02 11:21:16,588 DEBUG [Forwarding newSession on session null to remote] wire:73 - http-outgoing-0 >> "[\r][\n]"
2019-04-02 11:21:16,588 DEBUG [Forwarding newSession on session null to remote] wire:73 - http-outgoing-0 >> "{[\n]"
2019-04-02 11:21:16,589 DEBUG [Forwarding newSession on session null to remote] wire:73 - http-outgoing-0 >> "  "desiredCapabilities": {[\n]"
2019-04-02 11:21:16,589 DEBUG [Forwarding newSession on session null to remote] wire:73 - http-outgoing-0 >> "    "browserName": "chrome",[\n]"
2019-04-02 11:21:16,590 DEBUG [Forwarding newSession on session null to remote] wire:73 - http-outgoing-0 >> "    "chromeOptions": {[\n]"
2019-04-02 11:21:16,590 DEBUG [Forwarding newSession on session null to remote] wire:73 - http-outgoing-0 >> "      "args": [],[\n]"
2019-04-02 11:21:16,591 DEBUG [Forwarding newSession on session null to remote] wire:73 - http-outgoing-0 >> "      "extensions": [][\n]"
2019-04-02 11:21:16,595 DEBUG [Forwarding newSession on session null to remote] wire:73 - http-outgoing-0 >> "    },[\n]"
2019-04-02 11:21:16,599 DEBUG [Forwarding newSession on session null to remote] wire:73 - http-outgoing-0 >> "    "version": "",[\n]"
2019-04-02 11:21:16,599 DEBUG [Forwarding newSession on session null to remote] wire:73 - http-outgoing-0 >> "    "platform": "ANY"[\n]"
2019-04-02 11:21:16,600 DEBUG [Forwarding newSession on session null to remote] wire:73 - http-outgoing-0 >> "  },[\n]"
2019-04-02 11:21:16,601 DEBUG [Forwarding newSession on session null to remote] wire:73 - http-outgoing-0 >> "  "requiredCapabilities": {},[\n]"
2019-04-02 11:21:16,602 DEBUG [Forwarding newSession on session null to remote] wire:73 - http-outgoing-0 >> "  "capabilities": {[\n]"
2019-04-02 11:21:16,603 DEBUG [Forwarding newSession on session null to remote] wire:73 - http-outgoing-0 >> "    "desiredCapabilities": {[\n]"
2019-04-02 11:21:16,603 DEBUG [Forwarding newSession on session null to remote] wire:73 - http-outgoing-0 >> "      "browserName": "chrome",[\n]"
2019-04-02 11:21:16,604 DEBUG [Forwarding newSession on session null to remote] wire:73 - http-outgoing-0 >> "      "chromeOptions": {[\n]"
2019-04-02 11:21:16,604 DEBUG [Forwarding newSession on session null to remote] wire:73 - http-outgoing-0 >> "        "args": [],[\n]"
2019-04-02 11:21:16,605 DEBUG [Forwarding newSession on session null to remote] wire:73 - http-outgoing-0 >> "        "extensions": [][\n]"
2019-04-02 11:21:16,606 DEBUG [Forwarding newSession on session null to remote] wire:73 - http-outgoing-0 >> "      },[\n]"
2019-04-02 11:21:16,606 DEBUG [Forwarding newSession on session null to remote] wire:73 - http-outgoing-0 >> "      "version": "",[\n]"
2019-04-02 11:21:16,607 DEBUG [Forwarding newSession on session null to remote] wire:73 - http-outgoing-0 >> "      "platform": "ANY"[\n]"
2019-04-02 11:21:16,608 DEBUG [Forwarding newSession on session null to remote] wire:73 - http-outgoing-0 >> "    },[\n]"
2019-04-02 11:21:16,609 DEBUG [Forwarding newSession on session null to remote] wire:73 - http-outgoing-0 >> "    "requiredCapabilities": {},[\n]"
2019-04-02 11:21:16,609 DEBUG [Forwarding newSession on session null to remote] wire:73 - http-outgoing-0 >> "    "alwaysMatch": {},[\n]"
2019-04-02 11:21:16,610 DEBUG [Forwarding newSession on session null to remote] wire:73 - http-outgoing-0 >> "    "firstMatch": [[\n]"
2019-04-02 11:21:16,610 DEBUG [Forwarding newSession on session null to remote] wire:73 - http-outgoing-0 >> "      {[\n]"
2019-04-02 11:21:16,611 DEBUG [Forwarding newSession on session null to remote] wire:73 - http-outgoing-0 >> "        "browserName": "chrome"[\n]"
2019-04-02 11:21:16,611 DEBUG [Forwarding newSession on session null to remote] wire:73 - http-outgoing-0 >> "      }[\n]"
2019-04-02 11:21:16,612 DEBUG [Forwarding newSession on session null to remote] wire:73 - http-outgoing-0 >> "    ][\n]"
2019-04-02 11:21:16,612 DEBUG [Forwarding newSession on session null to remote] wire:73 - http-outgoing-0 >> "  }[\n]"
2019-04-02 11:21:16,613 DEBUG [Forwarding newSession on session null to remote] wire:87 - http-outgoing-0 >> "}"
2019-04-02 11:21:18,792 DEBUG [Forwarding newSession on session null to remote] wire:73 - http-outgoing-0 << "HTTP/1.1 200 OK[\r][\n]"
2019-04-02 11:21:18,794 DEBUG [Forwarding newSession on session null to remote] wire:73 - http-outgoing-0 << "Content-Length:903[\r][\n]"
2019-04-02 11:21:18,795 DEBUG [Forwarding newSession on session null to remote] wire:73 - http-outgoing-0 << "Content-Type:application/json; charset=utf-8[\r][\n]"
2019-04-02 11:21:18,795 DEBUG [Forwarding newSession on session null to remote] wire:73 - http-outgoing-0 << "[\r][\n]"
2019-04-02 11:21:18,796 DEBUG [Forwarding newSession on session null to remote] wire:87 - http-outgoing-0 << "{"sessionId":"a06e7f289eb8d86457efc9c71379fa87","status":0,"value":{"acceptInsecureCerts":false,"acceptSslCerts":false,"applicationCacheEnabled":false,"browserConnectionEnabled":false,"browserName":"chrome","chrome":{"chromedriverVersion":"2.42.591059 (a3d9684d10d61aa0c45f6723b327283be1ebaad8)","userDataDir":"/var/folders/sz/fyb33cv97js583220tb8lx240000gn/T/.org.chromium.Chromium.fgYvxd"},"cssSelectorsEnabled":true,"databaseEnabled":false,"goog:chromeOptions":{"debuggerAddress":"localhost:50831"},"handlesAlerts":true,"hasTouchScreen":false,"javascriptEnabled":true,"locationContextEnabled":true,"mobileEmulationEnabled":false,"nativeEvents":true,"networkConnectionEnabled":false,"pageLoadStrategy":"normal","platform":"Mac OS X","rotatable":false,"setWindowRect":true,"takesHeapSnapshot":true,"takesScreenshot":true,"unexpectedAlertBehaviour":"","version":"73.0.3683.86","webStorageEnabled":true}}"
2019-04-02 11:21:18,808 DEBUG [Forwarding newSession on session null to remote] headers:122 - http-outgoing-0 << HTTP/1.1 200 OK
2019-04-02 11:21:18,808 DEBUG [Forwarding newSession on session null to remote] headers:125 - http-outgoing-0 << Content-Length:903
2019-04-02 11:21:18,809 DEBUG [Forwarding newSession on session null to remote] headers:125 - http-outgoing-0 << Content-Type:application/json; charset=utf-8
2019-04-02 11:21:18,821 DEBUG [Forwarding newSession on session null to remote] MainClientExec:285 - Connection can be kept alive indefinitely
2019-04-02 11:21:18,829 DEBUG [Forwarding newSession on session null to remote] PoolingHttpClientConnectionManager:320 - Connection [id: 0][route: {}->http://localhost:40624] can be kept alive indefinitely
2019-04-02 11:21:18,830 DEBUG [Forwarding newSession on session null to remote] PoolingHttpClientConnectionManager:326 - Connection released: [id: 0][route: {}->http://localhost:40624][total kept alive: 1; route allocated: 1 of 2000; total allocated: 1 of 2000]
2019-04-02 11:21:19,128 DEBUG [Forwarding get on session a06e7f289eb8d86457efc9c71379fa87 to remote] RequestAddCookies:123 - CookieSpec selected: default
2019-04-02 11:21:19,130 DEBUG [Forwarding get on session a06e7f289eb8d86457efc9c71379fa87 to remote] RequestAuthCache:77 - Auth cache not set in the context
2019-04-02 11:21:19,131 DEBUG [Forwarding get on session a06e7f289eb8d86457efc9c71379fa87 to remote] PoolingHttpClientConnectionManager:255 - Connection request: [route: {}->http://localhost:40624][total kept alive: 1; route allocated: 1 of 2000; total allocated: 1 of 2000]
2019-04-02 11:21:19,134 DEBUG [Forwarding get on session a06e7f289eb8d86457efc9c71379fa87 to remote] PoolingHttpClientConnectionManager:288 - Connection leased: [id: 0][route: {}->http://localhost:40624][total kept alive: 0; route allocated: 1 of 2000; total allocated: 1 of 2000]
2019-04-02 11:21:19,135 DEBUG [Forwarding get on session a06e7f289eb8d86457efc9c71379fa87 to remote] MainClientExec:208 - Stale connection check
2019-04-02 11:21:19,143 DEBUG [Forwarding get on session a06e7f289eb8d86457efc9c71379fa87 to remote] wire:87 - http-outgoing-0 << "[read] I/O error: Read timed out"
2019-04-02 11:21:19,143 DEBUG [Forwarding get on session a06e7f289eb8d86457efc9c71379fa87 to remote] DefaultManagedHttpClientConnection:88 - http-outgoing-0: set socket timeout to 10800000
2019-04-02 11:21:19,145 DEBUG [Forwarding get on session a06e7f289eb8d86457efc9c71379fa87 to remote] MainClientExec:256 - Executing request POST /session/a06e7f289eb8d86457efc9c71379fa87/url HTTP/1.1
2019-04-02 11:21:19,145 DEBUG [Forwarding get on session a06e7f289eb8d86457efc9c71379fa87 to remote] MainClientExec:261 - Target auth state: UNCHALLENGED
2019-04-02 11:21:19,146 DEBUG [Forwarding get on session a06e7f289eb8d86457efc9c71379fa87 to remote] MainClientExec:267 - Proxy auth state: UNCHALLENGED
2019-04-02 11:21:19,146 DEBUG [Forwarding get on session a06e7f289eb8d86457efc9c71379fa87 to remote] headers:133 - http-outgoing-0 >> POST /session/a06e7f289eb8d86457efc9c71379fa87/url HTTP/1.1
2019-04-02 11:21:19,147 DEBUG [Forwarding get on session a06e7f289eb8d86457efc9c71379fa87 to remote] headers:136 - http-outgoing-0 >> Content-Type: application/json; charset=utf-8
2019-04-02 11:21:19,147 DEBUG [Forwarding get on session a06e7f289eb8d86457efc9c71379fa87 to remote] headers:136 - http-outgoing-0 >> Content-Length: 39
2019-04-02 11:21:19,148 DEBUG [Forwarding get on session a06e7f289eb8d86457efc9c71379fa87 to remote] headers:136 - http-outgoing-0 >> Host: localhost:40624
2019-04-02 11:21:19,148 DEBUG [Forwarding get on session a06e7f289eb8d86457efc9c71379fa87 to remote] headers:136 - http-outgoing-0 >> Connection: Keep-Alive
2019-04-02 11:21:19,149 DEBUG [Forwarding get on session a06e7f289eb8d86457efc9c71379fa87 to remote] headers:136 - http-outgoing-0 >> User-Agent: Apache-HttpClient/4.5.3 (Java/10.0.2)
2019-04-02 11:21:19,150 DEBUG [Forwarding get on session a06e7f289eb8d86457efc9c71379fa87 to remote] headers:136 - http-outgoing-0 >> Accept-Encoding: gzip,deflate
2019-04-02 11:21:19,150 DEBUG [Forwarding get on session a06e7f289eb8d86457efc9c71379fa87 to remote] wire:73 - http-outgoing-0 >> "POST /session/a06e7f289eb8d86457efc9c71379fa87/url HTTP/1.1[\r][\n]"
2019-04-02 11:21:19,150 DEBUG [Forwarding get on session a06e7f289eb8d86457efc9c71379fa87 to remote] wire:73 - http-outgoing-0 >> "Content-Type: application/json; charset=utf-8[\r][\n]"
2019-04-02 11:21:19,151 DEBUG [Forwarding get on session a06e7f289eb8d86457efc9c71379fa87 to remote] wire:73 - http-outgoing-0 >> "Content-Length: 39[\r][\n]"
2019-04-02 11:21:19,151 DEBUG [Forwarding get on session a06e7f289eb8d86457efc9c71379fa87 to remote] wire:73 - http-outgoing-0 >> "Host: localhost:40624[\r][\n]"
2019-04-02 11:21:19,152 DEBUG [Forwarding get on session a06e7f289eb8d86457efc9c71379fa87 to remote] wire:73 - http-outgoing-0 >> "Connection: Keep-Alive[\r][\n]"
2019-04-02 11:21:19,152 DEBUG [Forwarding get on session a06e7f289eb8d86457efc9c71379fa87 to remote] wire:73 - http-outgoing-0 >> "User-Agent: Apache-HttpClient/4.5.3 (Java/10.0.2)[\r][\n]"
2019-04-02 11:21:19,153 DEBUG [Forwarding get on session a06e7f289eb8d86457efc9c71379fa87 to remote] wire:73 - http-outgoing-0 >> "Accept-Encoding: gzip,deflate[\r][\n]"
2019-04-02 11:21:19,153 DEBUG [Forwarding get on session a06e7f289eb8d86457efc9c71379fa87 to remote] wire:73 - http-outgoing-0 >> "[\r][\n]"
2019-04-02 11:21:19,154 DEBUG [Forwarding get on session a06e7f289eb8d86457efc9c71379fa87 to remote] wire:87 - http-outgoing-0 >> "{"url":"https://beta.zipgo.in/sign_in"}"
2019-04-02 11:21:20,998 DEBUG [Forwarding get on session a06e7f289eb8d86457efc9c71379fa87 to remote] wire:73 - http-outgoing-0 << "HTTP/1.1 200 OK[\r][\n]"
2019-04-02 11:21:20,998 DEBUG [Forwarding get on session a06e7f289eb8d86457efc9c71379fa87 to remote] wire:73 - http-outgoing-0 << "Content-Length:72[\r][\n]"
2019-04-02 11:21:20,999 DEBUG [Forwarding get on session a06e7f289eb8d86457efc9c71379fa87 to remote] wire:73 - http-outgoing-0 << "Content-Type:application/json; charset=utf-8[\r][\n]"
2019-04-02 11:21:20,999 DEBUG [Forwarding get on session a06e7f289eb8d86457efc9c71379fa87 to remote] wire:73 - http-outgoing-0 << "[\r][\n]"
2019-04-02 11:21:21,000 DEBUG [Forwarding get on session a06e7f289eb8d86457efc9c71379fa87 to remote] wire:87 - http-outgoing-0 << "{"sessionId":"a06e7f289eb8d86457efc9c71379fa87","status":0,"value":null}"
2019-04-02 11:21:21,000 DEBUG [Forwarding get on session a06e7f289eb8d86457efc9c71379fa87 to remote] headers:122 - http-outgoing-0 << HTTP/1.1 200 OK
2019-04-02 11:21:21,001 DEBUG [Forwarding get on session a06e7f289eb8d86457efc9c71379fa87 to remote] headers:125 - http-outgoing-0 << Content-Length:72
2019-04-02 11:21:21,003 DEBUG [Forwarding get on session a06e7f289eb8d86457efc9c71379fa87 to remote] headers:125 - http-outgoing-0 << Content-Type:application/json; charset=utf-8
2019-04-02 11:21:21,003 DEBUG [Forwarding get on session a06e7f289eb8d86457efc9c71379fa87 to remote] MainClientExec:285 - Connection can be kept alive indefinitely
2019-04-02 11:21:21,004 DEBUG [Forwarding get on session a06e7f289eb8d86457efc9c71379fa87 to remote] PoolingHttpClientConnectionManager:320 - Connection [id: 0][route: {}->http://localhost:40624] can be kept alive indefinitely
2019-04-02 11:21:21,005 DEBUG [Forwarding get on session a06e7f289eb8d86457efc9c71379fa87 to remote] PoolingHttpClientConnectionManager:326 - Connection released: [id: 0][route: {}->http://localhost:40624][total kept alive: 1; route allocated: 1 of 2000; total allocated: 1 of 2000]
2019-04-02 11:21:24,011 DEBUG [Forwarding findElement on session a06e7f289eb8d86457efc9c71379fa87 to remote] RequestAddCookies:123 - CookieSpec selected: default
2019-04-02 11:21:24,013 DEBUG [Forwarding findElement on session a06e7f289eb8d86457efc9c71379fa87 to remote] RequestAuthCache:77 - Auth cache not set in the context
2019-04-02 11:21:24,014 DEBUG [Forwarding findElement on session a06e7f289eb8d86457efc9c71379fa87 to remote] PoolingHttpClientConnectionManager:255 - Connection request: [route: {}->http://localhost:40624][total kept alive: 1; route allocated: 1 of 2000; total allocated: 1 of 2000]
2019-04-02 11:21:24,017 DEBUG [Forwarding findElement on session a06e7f289eb8d86457efc9c71379fa87 to remote] wire:87 - http-outgoing-0 << "[read] I/O error: Read timed out"
2019-04-02 11:21:24,018 DEBUG [Forwarding findElement on session a06e7f289eb8d86457efc9c71379fa87 to remote] PoolingHttpClientConnectionManager:288 - Connection leased: [id: 0][route: {}->http://localhost:40624][total kept alive: 0; route allocated: 1 of 2000; total allocated: 1 of 2000]
2019-04-02 11:21:24,019 DEBUG [Forwarding findElement on session a06e7f289eb8d86457efc9c71379fa87 to remote] MainClientExec:208 - Stale connection check
2019-04-02 11:21:24,021 DEBUG [Forwarding findElement on session a06e7f289eb8d86457efc9c71379fa87 to remote] wire:87 - http-outgoing-0 << "[read] I/O error: Read timed out"
2019-04-02 11:21:24,021 DEBUG [Forwarding findElement on session a06e7f289eb8d86457efc9c71379fa87 to remote] DefaultManagedHttpClientConnection:88 - http-outgoing-0: set socket timeout to 10800000
2019-04-02 11:21:24,022 DEBUG [Forwarding findElement on session a06e7f289eb8d86457efc9c71379fa87 to remote] MainClientExec:256 - Executing request POST /session/a06e7f289eb8d86457efc9c71379fa87/element HTTP/1.1
2019-04-02 11:21:24,023 DEBUG [Forwarding findElement on session a06e7f289eb8d86457efc9c71379fa87 to remote] MainClientExec:261 - Target auth state: UNCHALLENGED
2019-04-02 11:21:24,023 DEBUG [Forwarding findElement on session a06e7f289eb8d86457efc9c71379fa87 to remote] MainClientExec:267 - Proxy auth state: UNCHALLENGED
2019-04-02 11:21:24,024 DEBUG [Forwarding findElement on session a06e7f289eb8d86457efc9c71379fa87 to remote] headers:133 - http-outgoing-0 >> POST /session/a06e7f289eb8d86457efc9c71379fa87/element HTTP/1.1
2019-04-02 11:21:24,025 DEBUG [Forwarding findElement on session a06e7f289eb8d86457efc9c71379fa87 to remote] headers:136 - http-outgoing-0 >> Content-Type: application/json; charset=utf-8
2019-04-02 11:21:24,025 DEBUG [Forwarding findElement on session a06e7f289eb8d86457efc9c71379fa87 to remote] headers:136 - http-outgoing-0 >> Content-Length: 70
2019-04-02 11:21:24,026 DEBUG [Forwarding findElement on session a06e7f289eb8d86457efc9c71379fa87 to remote] headers:136 - http-outgoing-0 >> Host: localhost:40624
2019-04-02 11:21:24,026 DEBUG [Forwarding findElement on session a06e7f289eb8d86457efc9c71379fa87 to remote] headers:136 - http-outgoing-0 >> Connection: Keep-Alive
2019-04-02 11:21:24,026 DEBUG [Forwarding findElement on session a06e7f289eb8d86457efc9c71379fa87 to remote] headers:136 - http-outgoing-0 >> User-Agent: Apache-HttpClient/4.5.3 (Java/10.0.2)
2019-04-02 11:21:24,027 DEBUG [Forwarding findElement on session a06e7f289eb8d86457efc9c71379fa87 to remote] headers:136 - http-outgoing-0 >> Accept-Encoding: gzip,deflate
2019-04-02 11:21:24,027 DEBUG [Forwarding findElement on session a06e7f289eb8d86457efc9c71379fa87 to remote] wire:73 - http-outgoing-0 >> "POST /session/a06e7f289eb8d86457efc9c71379fa87/element HTTP/1.1[\r][\n]"
2019-04-02 11:21:24,028 DEBUG [Forwarding findElement on session a06e7f289eb8d86457efc9c71379fa87 to remote] wire:73 - http-outgoing-0 >> "Content-Type: application/json; charset=utf-8[\r][\n]"
2019-04-02 11:21:24,028 DEBUG [Forwarding findElement on session a06e7f289eb8d86457efc9c71379fa87 to remote] wire:73 - http-outgoing-0 >> "Content-Length: 70[\r][\n]"
2019-04-02 11:21:24,029 DEBUG [Forwarding findElement on session a06e7f289eb8d86457efc9c71379fa87 to remote] wire:73 - http-outgoing-0 >> "Host: localhost:40624[\r][\n]"
2019-04-02 11:21:24,029 DEBUG [Forwarding findElement on session a06e7f289eb8d86457efc9c71379fa87 to remote] wire:73 - http-outgoing-0 >> "Connection: Keep-Alive[\r][\n]"
2019-04-02 11:21:24,030 DEBUG [Forwarding findElement on session a06e7f289eb8d86457efc9c71379fa87 to remote] wire:73 - http-outgoing-0 >> "User-Agent: Apache-HttpClient/4.5.3 (Java/10.0.2)[\r][\n]"
2019-04-02 11:21:24,030 DEBUG [Forwarding findElement on session a06e7f289eb8d86457efc9c71379fa87 to remote] wire:73 - http-outgoing-0 >> "Accept-Encoding: gzip,deflate[\r][\n]"
2019-04-02 11:21:24,031 DEBUG [Forwarding findElement on session a06e7f289eb8d86457efc9c71379fa87 to remote] wire:73 - http-outgoing-0 >> "[\r][\n]"
2019-04-02 11:21:24,031 DEBUG [Forwarding findElement on session a06e7f289eb8d86457efc9c71379fa87 to remote] wire:87 - http-outgoing-0 >> "{"using":"xpath","value":"//button[@data-provider='corporate-login']"}"
2019-04-02 11:21:24,053 DEBUG [Forwarding findElement on session a06e7f289eb8d86457efc9c71379fa87 to remote] wire:73 - http-outgoing-0 << "HTTP/1.1 200 OK[\r][\n]"
2019-04-02 11:21:24,053 DEBUG [Forwarding findElement on session a06e7f289eb8d86457efc9c71379fa87 to remote] wire:73 - http-outgoing-0 << "Content-Length:103[\r][\n]"
2019-04-02 11:21:24,053 DEBUG [Forwarding findElement on session a06e7f289eb8d86457efc9c71379fa87 to remote] wire:73 - http-outgoing-0 << "Content-Type:application/json; charset=utf-8[\r][\n]"
2019-04-02 11:21:24,054 DEBUG [Forwarding findElement on session a06e7f289eb8d86457efc9c71379fa87 to remote] wire:73 - http-outgoing-0 << "[\r][\n]"
2019-04-02 11:21:24,054 DEBUG [Forwarding findElement on session a06e7f289eb8d86457efc9c71379fa87 to remote] wire:87 - http-outgoing-0 << "{"sessionId":"a06e7f289eb8d86457efc9c71379fa87","status":0,"value":{"ELEMENT":"0.10697895706122829-1"}}"
2019-04-02 11:21:24,055 DEBUG [Forwarding findElement on session a06e7f289eb8d86457efc9c71379fa87 to remote] headers:122 - http-outgoing-0 << HTTP/1.1 200 OK
2019-04-02 11:21:24,055 DEBUG [Forwarding findElement on session a06e7f289eb8d86457efc9c71379fa87 to remote] headers:125 - http-outgoing-0 << Content-Length:103
2019-04-02 11:21:24,055 DEBUG [Forwarding findElement on session a06e7f289eb8d86457efc9c71379fa87 to remote] headers:125 - http-outgoing-0 << Content-Type:application/json; charset=utf-8
2019-04-02 11:21:24,056 DEBUG [Forwarding findElement on session a06e7f289eb8d86457efc9c71379fa87 to remote] MainClientExec:285 - Connection can be kept alive indefinitely
2019-04-02 11:21:24,056 DEBUG [Forwarding findElement on session a06e7f289eb8d86457efc9c71379fa87 to remote] PoolingHttpClientConnectionManager:320 - Connection [id: 0][route: {}->http://localhost:40624] can be kept alive indefinitely
2019-04-02 11:21:24,057 DEBUG [Forwarding findElement on session a06e7f289eb8d86457efc9c71379fa87 to remote] PoolingHttpClientConnectionManager:326 - Connection released: [id: 0][route: {}->http://localhost:40624][total kept alive: 1; route allocated: 1 of 2000; total allocated: 1 of 2000]
2019-04-02 11:21:24,068 DEBUG [Forwarding clickElement on session a06e7f289eb8d86457efc9c71379fa87 to remote] RequestAddCookies:123 - CookieSpec selected: default
2019-04-02 11:21:24,068 DEBUG [Forwarding clickElement on session a06e7f289eb8d86457efc9c71379fa87 to remote] RequestAuthCache:77 - Auth cache not set in the context
2019-04-02 11:21:24,069 DEBUG [Forwarding clickElement on session a06e7f289eb8d86457efc9c71379fa87 to remote] PoolingHttpClientConnectionManager:255 - Connection request: [route: {}->http://localhost:40624][total kept alive: 1; route allocated: 1 of 2000; total allocated: 1 of 2000]
2019-04-02 11:21:24,069 DEBUG [Forwarding clickElement on session a06e7f289eb8d86457efc9c71379fa87 to remote] PoolingHttpClientConnectionManager:288 - Connection leased: [id: 0][route: {}->http://localhost:40624][total kept alive: 0; route allocated: 1 of 2000; total allocated: 1 of 2000]
2019-04-02 11:21:24,070 DEBUG [Forwarding clickElement on session a06e7f289eb8d86457efc9c71379fa87 to remote] MainClientExec:208 - Stale connection check
2019-04-02 11:21:24,071 DEBUG [Forwarding clickElement on session a06e7f289eb8d86457efc9c71379fa87 to remote] wire:87 - http-outgoing-0 << "[read] I/O error: Read timed out"
2019-04-02 11:21:24,072 DEBUG [Forwarding clickElement on session a06e7f289eb8d86457efc9c71379fa87 to remote] DefaultManagedHttpClientConnection:88 - http-outgoing-0: set socket timeout to 10800000
2019-04-02 11:21:24,072 DEBUG [Forwarding clickElement on session a06e7f289eb8d86457efc9c71379fa87 to remote] MainClientExec:256 - Executing request POST /session/a06e7f289eb8d86457efc9c71379fa87/element/0.10697895706122829-1/click HTTP/1.1
2019-04-02 11:21:24,073 DEBUG [Forwarding clickElement on session a06e7f289eb8d86457efc9c71379fa87 to remote] MainClientExec:261 - Target auth state: UNCHALLENGED
2019-04-02 11:21:24,073 DEBUG [Forwarding clickElement on session a06e7f289eb8d86457efc9c71379fa87 to remote] MainClientExec:267 - Proxy auth state: UNCHALLENGED
2019-04-02 11:21:24,074 DEBUG [Forwarding clickElement on session a06e7f289eb8d86457efc9c71379fa87 to remote] headers:133 - http-outgoing-0 >> POST /session/a06e7f289eb8d86457efc9c71379fa87/element/0.10697895706122829-1/click HTTP/1.1
2019-04-02 11:21:24,074 DEBUG [Forwarding clickElement on session a06e7f289eb8d86457efc9c71379fa87 to remote] headers:136 - http-outgoing-0 >> Content-Type: application/json; charset=utf-8
2019-04-02 11:21:24,074 DEBUG [Forwarding clickElement on session a06e7f289eb8d86457efc9c71379fa87 to remote] headers:136 - http-outgoing-0 >> Content-Length: 30
2019-04-02 11:21:24,075 DEBUG [Forwarding clickElement on session a06e7f289eb8d86457efc9c71379fa87 to remote] headers:136 - http-outgoing-0 >> Host: localhost:40624
2019-04-02 11:21:24,075 DEBUG [Forwarding clickElement on session a06e7f289eb8d86457efc9c71379fa87 to remote] headers:136 - http-outgoing-0 >> Connection: Keep-Alive
2019-04-02 11:21:24,075 DEBUG [Forwarding clickElement on session a06e7f289eb8d86457efc9c71379fa87 to remote] headers:136 - http-outgoing-0 >> User-Agent: Apache-HttpClient/4.5.3 (Java/10.0.2)
2019-04-02 11:21:24,076 DEBUG [Forwarding clickElement on session a06e7f289eb8d86457efc9c71379fa87 to remote] headers:136 - http-outgoing-0 >> Accept-Encoding: gzip,deflate
2019-04-02 11:21:24,076 DEBUG [Forwarding clickElement on session a06e7f289eb8d86457efc9c71379fa87 to remote] wire:73 - http-outgoing-0 >> "POST /session/a06e7f289eb8d86457efc9c71379fa87/element/0.10697895706122829-1/click HTTP/1.1[\r][\n]"
2019-04-02 11:21:24,077 DEBUG [Forwarding clickElement on session a06e7f289eb8d86457efc9c71379fa87 to remote] wire:73 - http-outgoing-0 >> "Content-Type: application/json; charset=utf-8[\r][\n]"
2019-04-02 11:21:24,079 DEBUG [Forwarding clickElement on session a06e7f289eb8d86457efc9c71379fa87 to remote] wire:73 - http-outgoing-0 >> "Content-Length: 30[\r][\n]"
2019-04-02 11:21:24,080 DEBUG [Forwarding clickElement on session a06e7f289eb8d86457efc9c71379fa87 to remote] wire:73 - http-outgoing-0 >> "Host: localhost:40624[\r][\n]"
2019-04-02 11:21:24,080 DEBUG [Forwarding clickElement on session a06e7f289eb8d86457efc9c71379fa87 to remote] wire:73 - http-outgoing-0 >> "Connection: Keep-Alive[\r][\n]"
2019-04-02 11:21:24,080 DEBUG [Forwarding clickElement on session a06e7f289eb8d86457efc9c71379fa87 to remote] wire:73 - http-outgoing-0 >> "User-Agent: Apache-HttpClient/4.5.3 (Java/10.0.2)[\r][\n]"
2019-04-02 11:21:24,081 DEBUG [Forwarding clickElement on session a06e7f289eb8d86457efc9c71379fa87 to remote] wire:73 - http-outgoing-0 >> "Accept-Encoding: gzip,deflate[\r][\n]"
2019-04-02 11:21:24,081 DEBUG [Forwarding clickElement on session a06e7f289eb8d86457efc9c71379fa87 to remote] wire:73 - http-outgoing-0 >> "[\r][\n]"
2019-04-02 11:21:24,081 DEBUG [Forwarding clickElement on session a06e7f289eb8d86457efc9c71379fa87 to remote] wire:87 - http-outgoing-0 >> "{"id":"0.10697895706122829-1"}"
2019-04-02 11:21:24,164 DEBUG [Forwarding clickElement on session a06e7f289eb8d86457efc9c71379fa87 to remote] wire:73 - http-outgoing-0 << "HTTP/1.1 200 OK[\r][\n]"
2019-04-02 11:21:24,165 DEBUG [Forwarding clickElement on session a06e7f289eb8d86457efc9c71379fa87 to remote] wire:73 - http-outgoing-0 << "Content-Length:72[\r][\n]"
2019-04-02 11:21:24,166 DEBUG [Forwarding clickElement on session a06e7f289eb8d86457efc9c71379fa87 to remote] wire:73 - http-outgoing-0 << "Content-Type:application/json; charset=utf-8[\r][\n]"
2019-04-02 11:21:24,166 DEBUG [Forwarding clickElement on session a06e7f289eb8d86457efc9c71379fa87 to remote] wire:73 - http-outgoing-0 << "[\r][\n]"
2019-04-02 11:21:24,167 DEBUG [Forwarding clickElement on session a06e7f289eb8d86457efc9c71379fa87 to remote] wire:87 - http-outgoing-0 << "{"sessionId":"a06e7f289eb8d86457efc9c71379fa87","status":0,"value":null}"
2019-04-02 11:21:24,167 DEBUG [Forwarding clickElement on session a06e7f289eb8d86457efc9c71379fa87 to remote] headers:122 - http-outgoing-0 << HTTP/1.1 200 OK
2019-04-02 11:21:24,168 DEBUG [Forwarding clickElement on session a06e7f289eb8d86457efc9c71379fa87 to remote] headers:125 - http-outgoing-0 << Content-Length:72
2019-04-02 11:21:24,168 DEBUG [Forwarding clickElement on session a06e7f289eb8d86457efc9c71379fa87 to remote] headers:125 - http-outgoing-0 << Content-Type:application/json; charset=utf-8
2019-04-02 11:21:24,169 DEBUG [Forwarding clickElement on session a06e7f289eb8d86457efc9c71379fa87 to remote] MainClientExec:285 - Connection can be kept alive indefinitely
2019-04-02 11:21:24,169 DEBUG [Forwarding clickElement on session a06e7f289eb8d86457efc9c71379fa87 to remote] PoolingHttpClientConnectionManager:320 - Connection [id: 0][route: {}->http://localhost:40624] can be kept alive indefinitely
2019-04-02 11:21:24,170 DEBUG [Forwarding clickElement on session a06e7f289eb8d86457efc9c71379fa87 to remote] PoolingHttpClientConnectionManager:326 - Connection released: [id: 0][route: {}->http://localhost:40624][total kept alive: 1; route allocated: 1 of 2000; total allocated: 1 of 2000]
2019-04-02 11:21:24,172 DEBUG [Forwarding findElement on session a06e7f289eb8d86457efc9c71379fa87 to remote] RequestAddCookies:123 - CookieSpec selected: default
2019-04-02 11:21:24,173 DEBUG [Forwarding findElement on session a06e7f289eb8d86457efc9c71379fa87 to remote] RequestAuthCache:77 - Auth cache not set in the context
2019-04-02 11:21:24,173 DEBUG [Forwarding findElement on session a06e7f289eb8d86457efc9c71379fa87 to remote] PoolingHttpClientConnectionManager:255 - Connection request: [route: {}->http://localhost:40624][total kept alive: 1; route allocated: 1 of 2000; total allocated: 1 of 2000]
2019-04-02 11:21:24,174 DEBUG [Forwarding findElement on session a06e7f289eb8d86457efc9c71379fa87 to remote] PoolingHttpClientConnectionManager:288 - Connection leased: [id: 0][route: {}->http://localhost:40624][total kept alive: 0; route allocated: 1 of 2000; total allocated: 1 of 2000]
2019-04-02 11:21:24,174 DEBUG [Forwarding findElement on session a06e7f289eb8d86457efc9c71379fa87 to remote] MainClientExec:208 - Stale connection check
2019-04-02 11:21:24,176 DEBUG [Forwarding findElement on session a06e7f289eb8d86457efc9c71379fa87 to remote] wire:87 - http-outgoing-0 << "[read] I/O error: Read timed out"
2019-04-02 11:21:24,177 DEBUG [Forwarding findElement on session a06e7f289eb8d86457efc9c71379fa87 to remote] DefaultManagedHttpClientConnection:88 - http-outgoing-0: set socket timeout to 10800000
2019-04-02 11:21:24,178 DEBUG [Forwarding findElement on session a06e7f289eb8d86457efc9c71379fa87 to remote] MainClientExec:256 - Executing request POST /session/a06e7f289eb8d86457efc9c71379fa87/element HTTP/1.1
2019-04-02 11:21:24,178 DEBUG [Forwarding findElement on session a06e7f289eb8d86457efc9c71379fa87 to remote] MainClientExec:261 - Target auth state: UNCHALLENGED
2019-04-02 11:21:24,179 DEBUG [Forwarding findElement on session a06e7f289eb8d86457efc9c71379fa87 to remote] MainClientExec:267 - Proxy auth state: UNCHALLENGED
2019-04-02 11:21:24,180 DEBUG [Forwarding findElement on session a06e7f289eb8d86457efc9c71379fa87 to remote] headers:133 - http-outgoing-0 >> POST /session/a06e7f289eb8d86457efc9c71379fa87/element HTTP/1.1
2019-04-02 11:21:24,180 DEBUG [Forwarding findElement on session a06e7f289eb8d86457efc9c71379fa87 to remote] headers:136 - http-outgoing-0 >> Content-Type: application/json; charset=utf-8
2019-04-02 11:21:24,181 DEBUG [Forwarding findElement on session a06e7f289eb8d86457efc9c71379fa87 to remote] headers:136 - http-outgoing-0 >> Content-Length: 52
2019-04-02 11:21:24,182 DEBUG [Forwarding findElement on session a06e7f289eb8d86457efc9c71379fa87 to remote] headers:136 - http-outgoing-0 >> Host: localhost:40624
2019-04-02 11:21:24,185 DEBUG [Forwarding findElement on session a06e7f289eb8d86457efc9c71379fa87 to remote] headers:136 - http-outgoing-0 >> Connection: Keep-Alive
2019-04-02 11:21:24,186 DEBUG [Forwarding findElement on session a06e7f289eb8d86457efc9c71379fa87 to remote] headers:136 - http-outgoing-0 >> User-Agent: Apache-HttpClient/4.5.3 (Java/10.0.2)
2019-04-02 11:21:24,187 DEBUG [Forwarding findElement on session a06e7f289eb8d86457efc9c71379fa87 to remote] headers:136 - http-outgoing-0 >> Accept-Encoding: gzip,deflate
2019-04-02 11:21:24,187 DEBUG [Forwarding findElement on session a06e7f289eb8d86457efc9c71379fa87 to remote] wire:73 - http-outgoing-0 >> "POST /session/a06e7f289eb8d86457efc9c71379fa87/element HTTP/1.1[\r][\n]"
2019-04-02 11:21:24,188 DEBUG [Forwarding findElement on session a06e7f289eb8d86457efc9c71379fa87 to remote] wire:73 - http-outgoing-0 >> "Content-Type: application/json; charset=utf-8[\r][\n]"
2019-04-02 11:21:24,188 DEBUG [Forwarding findElement on session a06e7f289eb8d86457efc9c71379fa87 to remote] wire:73 - http-outgoing-0 >> "Content-Length: 52[\r][\n]"
2019-04-02 11:21:24,188 DEBUG [Forwarding findElement on session a06e7f289eb8d86457efc9c71379fa87 to remote] wire:73 - http-outgoing-0 >> "Host: localhost:40624[\r][\n]"
2019-04-02 11:21:24,189 DEBUG [Forwarding findElement on session a06e7f289eb8d86457efc9c71379fa87 to remote] wire:73 - http-outgoing-0 >> "Connection: Keep-Alive[\r][\n]"
2019-04-02 11:21:24,189 DEBUG [Forwarding findElement on session a06e7f289eb8d86457efc9c71379fa87 to remote] wire:73 - http-outgoing-0 >> "User-Agent: Apache-HttpClient/4.5.3 (Java/10.0.2)[\r][\n]"
2019-04-02 11:21:24,190 DEBUG [Forwarding findElement on session a06e7f289eb8d86457efc9c71379fa87 to remote] wire:73 - http-outgoing-0 >> "Accept-Encoding: gzip,deflate[\r][\n]"
2019-04-02 11:21:24,192 DEBUG [Forwarding findElement on session a06e7f289eb8d86457efc9c71379fa87 to remote] wire:73 - http-outgoing-0 >> "[\r][\n]"
2019-04-02 11:21:24,192 DEBUG [Forwarding findElement on session a06e7f289eb8d86457efc9c71379fa87 to remote] wire:87 - http-outgoing-0 >> "{"using":"xpath","value":"//*[@id='loginUsername']"}"
2019-04-02 11:21:24,209 DEBUG [Forwarding findElement on session a06e7f289eb8d86457efc9c71379fa87 to remote] wire:73 - http-outgoing-0 << "HTTP/1.1 200 OK[\r][\n]"
2019-04-02 11:21:24,210 DEBUG [Forwarding findElement on session a06e7f289eb8d86457efc9c71379fa87 to remote] wire:73 - http-outgoing-0 << "Content-Length:103[\r][\n]"
2019-04-02 11:21:24,210 DEBUG [Forwarding findElement on session a06e7f289eb8d86457efc9c71379fa87 to remote] wire:73 - http-outgoing-0 << "Content-Type:application/json; charset=utf-8[\r][\n]"
2019-04-02 11:21:24,210 DEBUG [Forwarding findElement on session a06e7f289eb8d86457efc9c71379fa87 to remote] wire:73 - http-outgoing-0 << "[\r][\n]"
2019-04-02 11:21:24,211 DEBUG [Forwarding findElement on session a06e7f289eb8d86457efc9c71379fa87 to remote] wire:87 - http-outgoing-0 << "{"sessionId":"a06e7f289eb8d86457efc9c71379fa87","status":0,"value":{"ELEMENT":"0.10697895706122829-2"}}"
2019-04-02 11:21:24,211 DEBUG [Forwarding findElement on session a06e7f289eb8d86457efc9c71379fa87 to remote] headers:122 - http-outgoing-0 << HTTP/1.1 200 OK
2019-04-02 11:21:24,211 DEBUG [Forwarding findElement on session a06e7f289eb8d86457efc9c71379fa87 to remote] headers:125 - http-outgoing-0 << Content-Length:103
2019-04-02 11:21:24,212 DEBUG [Forwarding findElement on session a06e7f289eb8d86457efc9c71379fa87 to remote] headers:125 - http-outgoing-0 << Content-Type:application/json; charset=utf-8
2019-04-02 11:21:24,212 DEBUG [Forwarding findElement on session a06e7f289eb8d86457efc9c71379fa87 to remote] MainClientExec:285 - Connection can be kept alive indefinitely
2019-04-02 11:21:24,213 DEBUG [Forwarding findElement on session a06e7f289eb8d86457efc9c71379fa87 to remote] PoolingHttpClientConnectionManager:320 - Connection [id: 0][route: {}->http://localhost:40624] can be kept alive indefinitely
2019-04-02 11:21:24,213 DEBUG [Forwarding findElement on session a06e7f289eb8d86457efc9c71379fa87 to remote] PoolingHttpClientConnectionManager:326 - Connection released: [id: 0][route: {}->http://localhost:40624][total kept alive: 1; route allocated: 1 of 2000; total allocated: 1 of 2000]
2019-04-02 11:21:24,245 DEBUG [Forwarding sendKeysToElement on session a06e7f289eb8d86457efc9c71379fa87 to remote] RequestAddCookies:123 - CookieSpec selected: default
2019-04-02 11:21:24,247 DEBUG [Forwarding sendKeysToElement on session a06e7f289eb8d86457efc9c71379fa87 to remote] RequestAuthCache:77 - Auth cache not set in the context
2019-04-02 11:21:24,248 DEBUG [Forwarding sendKeysToElement on session a06e7f289eb8d86457efc9c71379fa87 to remote] PoolingHttpClientConnectionManager:255 - Connection request: [route: {}->http://localhost:40624][total kept alive: 1; route allocated: 1 of 2000; total allocated: 1 of 2000]
2019-04-02 11:21:24,250 DEBUG [Forwarding sendKeysToElement on session a06e7f289eb8d86457efc9c71379fa87 to remote] PoolingHttpClientConnectionManager:288 - Connection leased: [id: 0][route: {}->http://localhost:40624][total kept alive: 0; route allocated: 1 of 2000; total allocated: 1 of 2000]
2019-04-02 11:21:24,251 DEBUG [Forwarding sendKeysToElement on session a06e7f289eb8d86457efc9c71379fa87 to remote] MainClientExec:208 - Stale connection check
2019-04-02 11:21:24,253 DEBUG [Forwarding sendKeysToElement on session a06e7f289eb8d86457efc9c71379fa87 to remote] wire:87 - http-outgoing-0 << "[read] I/O error: Read timed out"
2019-04-02 11:21:24,253 DEBUG [Forwarding sendKeysToElement on session a06e7f289eb8d86457efc9c71379fa87 to remote] DefaultManagedHttpClientConnection:88 - http-outgoing-0: set socket timeout to 10800000
2019-04-02 11:21:24,254 DEBUG [Forwarding sendKeysToElement on session a06e7f289eb8d86457efc9c71379fa87 to remote] MainClientExec:256 - Executing request POST /session/a06e7f289eb8d86457efc9c71379fa87/element/0.10697895706122829-2/value HTTP/1.1
2019-04-02 11:21:24,254 DEBUG [Forwarding sendKeysToElement on session a06e7f289eb8d86457efc9c71379fa87 to remote] MainClientExec:261 - Target auth state: UNCHALLENGED
2019-04-02 11:21:24,255 DEBUG [Forwarding sendKeysToElement on session a06e7f289eb8d86457efc9c71379fa87 to remote] MainClientExec:267 - Proxy auth state: UNCHALLENGED
2019-04-02 11:21:24,255 DEBUG [Forwarding sendKeysToElement on session a06e7f289eb8d86457efc9c71379fa87 to remote] headers:133 - http-outgoing-0 >> POST /session/a06e7f289eb8d86457efc9c71379fa87/element/0.10697895706122829-2/value HTTP/1.1
2019-04-02 11:21:24,255 DEBUG [Forwarding sendKeysToElement on session a06e7f289eb8d86457efc9c71379fa87 to remote] headers:136 - http-outgoing-0 >> Content-Type: application/json; charset=utf-8
2019-04-02 11:21:24,256 DEBUG [Forwarding sendKeysToElement on session a06e7f289eb8d86457efc9c71379fa87 to remote] headers:136 - http-outgoing-0 >> Content-Length: 77
2019-04-02 11:21:24,256 DEBUG [Forwarding sendKeysToElement on session a06e7f289eb8d86457efc9c71379fa87 to remote] headers:136 - http-outgoing-0 >> Host: localhost:40624
2019-04-02 11:21:24,256 DEBUG [Forwarding sendKeysToElement on session a06e7f289eb8d86457efc9c71379fa87 to remote] headers:136 - http-outgoing-0 >> Connection: Keep-Alive
2019-04-02 11:21:24,257 DEBUG [Forwarding sendKeysToElement on session a06e7f289eb8d86457efc9c71379fa87 to remote] headers:136 - http-outgoing-0 >> User-Agent: Apache-HttpClient/4.5.3 (Java/10.0.2)
2019-04-02 11:21:24,257 DEBUG [Forwarding sendKeysToElement on session a06e7f289eb8d86457efc9c71379fa87 to remote] headers:136 - http-outgoing-0 >> Accept-Encoding: gzip,deflate
2019-04-02 11:21:24,258 DEBUG [Forwarding sendKeysToElement on session a06e7f289eb8d86457efc9c71379fa87 to remote] wire:73 - http-outgoing-0 >> "POST /session/a06e7f289eb8d86457efc9c71379fa87/element/0.10697895706122829-2/value HTTP/1.1[\r][\n]"
2019-04-02 11:21:24,258 DEBUG [Forwarding sendKeysToElement on session a06e7f289eb8d86457efc9c71379fa87 to remote] wire:73 - http-outgoing-0 >> "Content-Type: application/json; charset=utf-8[\r][\n]"
2019-04-02 11:21:24,258 DEBUG [Forwarding sendKeysToElement on session a06e7f289eb8d86457efc9c71379fa87 to remote] wire:73 - http-outgoing-0 >> "Content-Length: 77[\r][\n]"
2019-04-02 11:21:24,259 DEBUG [Forwarding sendKeysToElement on session a06e7f289eb8d86457efc9c71379fa87 to remote] wire:73 - http-outgoing-0 >> "Host: localhost:40624[\r][\n]"
2019-04-02 11:21:24,262 DEBUG [Forwarding sendKeysToElement on session a06e7f289eb8d86457efc9c71379fa87 to remote] wire:73 - http-outgoing-0 >> "Connection: Keep-Alive[\r][\n]"
2019-04-02 11:21:24,263 DEBUG [Forwarding sendKeysToElement on session a06e7f289eb8d86457efc9c71379fa87 to remote] wire:73 - http-outgoing-0 >> "User-Agent: Apache-HttpClient/4.5.3 (Java/10.0.2)[\r][\n]"
2019-04-02 11:21:24,263 DEBUG [Forwarding sendKeysToElement on session a06e7f289eb8d86457efc9c71379fa87 to remote] wire:73 - http-outgoing-0 >> "Accept-Encoding: gzip,deflate[\r][\n]"
2019-04-02 11:21:24,263 DEBUG [Forwarding sendKeysToElement on session a06e7f289eb8d86457efc9c71379fa87 to remote] wire:73 - http-outgoing-0 >> "[\r][\n]"
2019-04-02 11:21:24,264 DEBUG [Forwarding sendKeysToElement on session a06e7f289eb8d86457efc9c71379fa87 to remote] wire:87 - http-outgoing-0 >> "{"id":"0.10697895706122829-2","value":["prashant.zipgouser@gmail.com","[0xee][0x80][0x87]"]}"
2019-04-02 11:21:24,810 DEBUG [Forwarding sendKeysToElement on session a06e7f289eb8d86457efc9c71379fa87 to remote] wire:73 - http-outgoing-0 << "HTTP/1.1 200 OK[\r][\n]"
2019-04-02 11:21:24,810 DEBUG [Forwarding sendKeysToElement on session a06e7f289eb8d86457efc9c71379fa87 to remote] wire:73 - http-outgoing-0 << "Content-Length:72[\r][\n]"
2019-04-02 11:21:24,811 DEBUG [Forwarding sendKeysToElement on session a06e7f289eb8d86457efc9c71379fa87 to remote] wire:73 - http-outgoing-0 << "Content-Type:application/json; charset=utf-8[\r][\n]"
2019-04-02 11:21:24,811 DEBUG [Forwarding sendKeysToElement on session a06e7f289eb8d86457efc9c71379fa87 to remote] wire:73 - http-outgoing-0 << "[\r][\n]"
2019-04-02 11:21:24,812 DEBUG [Forwarding sendKeysToElement on session a06e7f289eb8d86457efc9c71379fa87 to remote] wire:87 - http-outgoing-0 << "{"sessionId":"a06e7f289eb8d86457efc9c71379fa87","status":0,"value":null}"
2019-04-02 11:21:24,812 DEBUG [Forwarding sendKeysToElement on session a06e7f289eb8d86457efc9c71379fa87 to remote] headers:122 - http-outgoing-0 << HTTP/1.1 200 OK
2019-04-02 11:21:24,813 DEBUG [Forwarding sendKeysToElement on session a06e7f289eb8d86457efc9c71379fa87 to remote] headers:125 - http-outgoing-0 << Content-Length:72
2019-04-02 11:21:24,813 DEBUG [Forwarding sendKeysToElement on session a06e7f289eb8d86457efc9c71379fa87 to remote] headers:125 - http-outgoing-0 << Content-Type:application/json; charset=utf-8
2019-04-02 11:21:24,814 DEBUG [Forwarding sendKeysToElement on session a06e7f289eb8d86457efc9c71379fa87 to remote] MainClientExec:285 - Connection can be kept alive indefinitely
2019-04-02 11:21:24,814 DEBUG [Forwarding sendKeysToElement on session a06e7f289eb8d86457efc9c71379fa87 to remote] PoolingHttpClientConnectionManager:320 - Connection [id: 0][route: {}->http://localhost:40624] can be kept alive indefinitely
2019-04-02 11:21:24,816 DEBUG [Forwarding sendKeysToElement on session a06e7f289eb8d86457efc9c71379fa87 to remote] PoolingHttpClientConnectionManager:326 - Connection released: [id: 0][route: {}->http://localhost:40624][total kept alive: 1; route allocated: 1 of 2000; total allocated: 1 of 2000]
2019-04-02 11:21:24,827 DEBUG [Forwarding findElement on session a06e7f289eb8d86457efc9c71379fa87 to remote] RequestAddCookies:123 - CookieSpec selected: default
2019-04-02 11:21:24,827 DEBUG [Forwarding findElement on session a06e7f289eb8d86457efc9c71379fa87 to remote] RequestAuthCache:77 - Auth cache not set in the context
2019-04-02 11:21:24,828 DEBUG [Forwarding findElement on session a06e7f289eb8d86457efc9c71379fa87 to remote] PoolingHttpClientConnectionManager:255 - Connection request: [route: {}->http://localhost:40624][total kept alive: 1; route allocated: 1 of 2000; total allocated: 1 of 2000]
2019-04-02 11:21:24,828 DEBUG [Forwarding findElement on session a06e7f289eb8d86457efc9c71379fa87 to remote] PoolingHttpClientConnectionManager:288 - Connection leased: [id: 0][route: {}->http://localhost:40624][total kept alive: 0; route allocated: 1 of 2000; total allocated: 1 of 2000]
2019-04-02 11:21:24,829 DEBUG [Forwarding findElement on session a06e7f289eb8d86457efc9c71379fa87 to remote] MainClientExec:208 - Stale connection check
2019-04-02 11:21:24,831 DEBUG [Forwarding findElement on session a06e7f289eb8d86457efc9c71379fa87 to remote] wire:87 - http-outgoing-0 << "[read] I/O error: Read timed out"
2019-04-02 11:21:24,832 DEBUG [Forwarding findElement on session a06e7f289eb8d86457efc9c71379fa87 to remote] DefaultManagedHttpClientConnection:88 - http-outgoing-0: set socket timeout to 10800000
2019-04-02 11:21:24,833 DEBUG [Forwarding findElement on session a06e7f289eb8d86457efc9c71379fa87 to remote] MainClientExec:256 - Executing request POST /session/a06e7f289eb8d86457efc9c71379fa87/element HTTP/1.1
2019-04-02 11:21:24,833 DEBUG [Forwarding findElement on session a06e7f289eb8d86457efc9c71379fa87 to remote] MainClientExec:261 - Target auth state: UNCHALLENGED
2019-04-02 11:21:24,834 DEBUG [Forwarding findElement on session a06e7f289eb8d86457efc9c71379fa87 to remote] MainClientExec:267 - Proxy auth state: UNCHALLENGED
2019-04-02 11:21:24,834 DEBUG [Forwarding findElement on session a06e7f289eb8d86457efc9c71379fa87 to remote] headers:133 - http-outgoing-0 >> POST /session/a06e7f289eb8d86457efc9c71379fa87/element HTTP/1.1
2019-04-02 11:21:24,835 DEBUG [Forwarding findElement on session a06e7f289eb8d86457efc9c71379fa87 to remote] headers:136 - http-outgoing-0 >> Content-Type: application/json; charset=utf-8
2019-04-02 11:21:24,835 DEBUG [Forwarding findElement on session a06e7f289eb8d86457efc9c71379fa87 to remote] headers:136 - http-outgoing-0 >> Content-Length: 38
2019-04-02 11:21:24,835 DEBUG [Forwarding findElement on session a06e7f289eb8d86457efc9c71379fa87 to remote] headers:136 - http-outgoing-0 >> Host: localhost:40624
2019-04-02 11:21:24,836 DEBUG [Forwarding findElement on session a06e7f289eb8d86457efc9c71379fa87 to remote] headers:136 - http-outgoing-0 >> Connection: Keep-Alive
2019-04-02 11:21:24,838 DEBUG [Forwarding findElement on session a06e7f289eb8d86457efc9c71379fa87 to remote] headers:136 - http-outgoing-0 >> User-Agent: Apache-HttpClient/4.5.3 (Java/10.0.2)
2019-04-02 11:21:24,840 DEBUG [Forwarding findElement on session a06e7f289eb8d86457efc9c71379fa87 to remote] headers:136 - http-outgoing-0 >> Accept-Encoding: gzip,deflate
2019-04-02 11:21:24,841 DEBUG [Forwarding findElement on session a06e7f289eb8d86457efc9c71379fa87 to remote] wire:73 - http-outgoing-0 >> "POST /session/a06e7f289eb8d86457efc9c71379fa87/element HTTP/1.1[\r][\n]"
2019-04-02 11:21:24,842 DEBUG [Forwarding findElement on session a06e7f289eb8d86457efc9c71379fa87 to remote] wire:73 - http-outgoing-0 >> "Content-Type: application/json; charset=utf-8[\r][\n]"
2019-04-02 11:21:24,842 DEBUG [Forwarding findElement on session a06e7f289eb8d86457efc9c71379fa87 to remote] wire:73 - http-outgoing-0 >> "Content-Length: 38[\r][\n]"
2019-04-02 11:21:24,843 DEBUG [Forwarding findElement on session a06e7f289eb8d86457efc9c71379fa87 to remote] wire:73 - http-outgoing-0 >> "Host: localhost:40624[\r][\n]"
2019-04-02 11:21:24,844 DEBUG [Forwarding findElement on session a06e7f289eb8d86457efc9c71379fa87 to remote] wire:73 - http-outgoing-0 >> "Connection: Keep-Alive[\r][\n]"
2019-04-02 11:21:24,844 DEBUG [Forwarding findElement on session a06e7f289eb8d86457efc9c71379fa87 to remote] wire:73 - http-outgoing-0 >> "User-Agent: Apache-HttpClient/4.5.3 (Java/10.0.2)[\r][\n]"
2019-04-02 11:21:24,869 DEBUG [Forwarding findElement on session a06e7f289eb8d86457efc9c71379fa87 to remote] wire:73 - http-outgoing-0 >> "Accept-Encoding: gzip,deflate[\r][\n]"
2019-04-02 11:21:24,869 DEBUG [Forwarding findElement on session a06e7f289eb8d86457efc9c71379fa87 to remote] wire:73 - http-outgoing-0 >> "[\r][\n]"
2019-04-02 11:21:24,872 DEBUG [Forwarding findElement on session a06e7f289eb8d86457efc9c71379fa87 to remote] wire:87 - http-outgoing-0 >> "{"using":"id","value":"loginPassword"}"
2019-04-02 11:21:24,933 DEBUG [Forwarding findElement on session a06e7f289eb8d86457efc9c71379fa87 to remote] wire:73 - http-outgoing-0 << "HTTP/1.1 200 OK[\r][\n]"
2019-04-02 11:21:24,933 DEBUG [Forwarding findElement on session a06e7f289eb8d86457efc9c71379fa87 to remote] wire:73 - http-outgoing-0 << "Content-Length:103[\r][\n]"
2019-04-02 11:21:24,934 DEBUG [Forwarding findElement on session a06e7f289eb8d86457efc9c71379fa87 to remote] wire:73 - http-outgoing-0 << "Content-Type:application/json; charset=utf-8[\r][\n]"
2019-04-02 11:21:24,934 DEBUG [Forwarding findElement on session a06e7f289eb8d86457efc9c71379fa87 to remote] wire:73 - http-outgoing-0 << "[\r][\n]"
2019-04-02 11:21:24,934 DEBUG [Forwarding findElement on session a06e7f289eb8d86457efc9c71379fa87 to remote] wire:87 - http-outgoing-0 << "{"sessionId":"a06e7f289eb8d86457efc9c71379fa87","status":0,"value":{"ELEMENT":"0.10697895706122829-3"}}"
2019-04-02 11:21:24,935 DEBUG [Forwarding findElement on session a06e7f289eb8d86457efc9c71379fa87 to remote] headers:122 - http-outgoing-0 << HTTP/1.1 200 OK
2019-04-02 11:21:24,935 DEBUG [Forwarding findElement on session a06e7f289eb8d86457efc9c71379fa87 to remote] headers:125 - http-outgoing-0 << Content-Length:103
2019-04-02 11:21:24,936 DEBUG [Forwarding findElement on session a06e7f289eb8d86457efc9c71379fa87 to remote] headers:125 - http-outgoing-0 << Content-Type:application/json; charset=utf-8
2019-04-02 11:21:24,936 DEBUG [Forwarding findElement on session a06e7f289eb8d86457efc9c71379fa87 to remote] MainClientExec:285 - Connection can be kept alive indefinitely
2019-04-02 11:21:24,937 DEBUG [Forwarding findElement on session a06e7f289eb8d86457efc9c71379fa87 to remote] PoolingHttpClientConnectionManager:320 - Connection [id: 0][route: {}->http://localhost:40624] can be kept alive indefinitely
2019-04-02 11:21:24,937 DEBUG [Forwarding findElement on session a06e7f289eb8d86457efc9c71379fa87 to remote] PoolingHttpClientConnectionManager:326 - Connection released: [id: 0][route: {}->http://localhost:40624][total kept alive: 1; route allocated: 1 of 2000; total allocated: 1 of 2000]
2019-04-02 11:21:24,940 DEBUG [Forwarding sendKeysToElement on session a06e7f289eb8d86457efc9c71379fa87 to remote] RequestAddCookies:123 - CookieSpec selected: default
2019-04-02 11:21:24,941 DEBUG [Forwarding sendKeysToElement on session a06e7f289eb8d86457efc9c71379fa87 to remote] RequestAuthCache:77 - Auth cache not set in the context
2019-04-02 11:21:24,941 DEBUG [Forwarding sendKeysToElement on session a06e7f289eb8d86457efc9c71379fa87 to remote] PoolingHttpClientConnectionManager:255 - Connection request: [route: {}->http://localhost:40624][total kept alive: 1; route allocated: 1 of 2000; total allocated: 1 of 2000]
2019-04-02 11:21:24,942 DEBUG [Forwarding sendKeysToElement on session a06e7f289eb8d86457efc9c71379fa87 to remote] PoolingHttpClientConnectionManager:288 - Connection leased: [id: 0][route: {}->http://localhost:40624][total kept alive: 0; route allocated: 1 of 2000; total allocated: 1 of 2000]
2019-04-02 11:21:24,942 DEBUG [Forwarding sendKeysToElement on session a06e7f289eb8d86457efc9c71379fa87 to remote] MainClientExec:208 - Stale connection check
2019-04-02 11:21:24,944 DEBUG [Forwarding sendKeysToElement on session a06e7f289eb8d86457efc9c71379fa87 to remote] wire:87 - http-outgoing-0 << "[read] I/O error: Read timed out"
2019-04-02 11:21:24,945 DEBUG [Forwarding sendKeysToElement on session a06e7f289eb8d86457efc9c71379fa87 to remote] DefaultManagedHttpClientConnection:88 - http-outgoing-0: set socket timeout to 10800000
2019-04-02 11:21:24,945 DEBUG [Forwarding sendKeysToElement on session a06e7f289eb8d86457efc9c71379fa87 to remote] MainClientExec:256 - Executing request POST /session/a06e7f289eb8d86457efc9c71379fa87/element/0.10697895706122829-3/value HTTP/1.1
2019-04-02 11:21:24,946 DEBUG [Forwarding sendKeysToElement on session a06e7f289eb8d86457efc9c71379fa87 to remote] MainClientExec:261 - Target auth state: UNCHALLENGED
2019-04-02 11:21:24,946 DEBUG [Forwarding sendKeysToElement on session a06e7f289eb8d86457efc9c71379fa87 to remote] MainClientExec:267 - Proxy auth state: UNCHALLENGED
2019-04-02 11:21:24,947 DEBUG [Forwarding sendKeysToElement on session a06e7f289eb8d86457efc9c71379fa87 to remote] headers:133 - http-outgoing-0 >> POST /session/a06e7f289eb8d86457efc9c71379fa87/element/0.10697895706122829-3/value HTTP/1.1
2019-04-02 11:21:24,947 DEBUG [Forwarding sendKeysToElement on session a06e7f289eb8d86457efc9c71379fa87 to remote] headers:136 - http-outgoing-0 >> Content-Type: application/json; charset=utf-8
2019-04-02 11:21:24,947 DEBUG [Forwarding sendKeysToElement on session a06e7f289eb8d86457efc9c71379fa87 to remote] headers:136 - http-outgoing-0 >> Content-Length: 59
2019-04-02 11:21:24,948 DEBUG [Forwarding sendKeysToElement on session a06e7f289eb8d86457efc9c71379fa87 to remote] headers:136 - http-outgoing-0 >> Host: localhost:40624
2019-04-02 11:21:24,948 DEBUG [Forwarding sendKeysToElement on session a06e7f289eb8d86457efc9c71379fa87 to remote] headers:136 - http-outgoing-0 >> Connection: Keep-Alive
2019-04-02 11:21:24,948 DEBUG [Forwarding sendKeysToElement on session a06e7f289eb8d86457efc9c71379fa87 to remote] headers:136 - http-outgoing-0 >> User-Agent: Apache-HttpClient/4.5.3 (Java/10.0.2)
2019-04-02 11:21:24,948 DEBUG [Forwarding sendKeysToElement on session a06e7f289eb8d86457efc9c71379fa87 to remote] headers:136 - http-outgoing-0 >> Accept-Encoding: gzip,deflate
2019-04-02 11:21:24,949 DEBUG [Forwarding sendKeysToElement on session a06e7f289eb8d86457efc9c71379fa87 to remote] wire:73 - http-outgoing-0 >> "POST /session/a06e7f289eb8d86457efc9c71379fa87/element/0.10697895706122829-3/value HTTP/1.1[\r][\n]"
2019-04-02 11:21:24,949 DEBUG [Forwarding sendKeysToElement on session a06e7f289eb8d86457efc9c71379fa87 to remote] wire:73 - http-outgoing-0 >> "Content-Type: application/json; charset=utf-8[\r][\n]"
2019-04-02 11:21:24,949 DEBUG [Forwarding sendKeysToElement on session a06e7f289eb8d86457efc9c71379fa87 to remote] wire:73 - http-outgoing-0 >> "Content-Length: 59[\r][\n]"
2019-04-02 11:21:24,950 DEBUG [Forwarding sendKeysToElement on session a06e7f289eb8d86457efc9c71379fa87 to remote] wire:73 - http-outgoing-0 >> "Host: localhost:40624[\r][\n]"
2019-04-02 11:21:24,950 DEBUG [Forwarding sendKeysToElement on session a06e7f289eb8d86457efc9c71379fa87 to remote] wire:73 - http-outgoing-0 >> "Connection: Keep-Alive[\r][\n]"
2019-04-02 11:21:24,951 DEBUG [Forwarding sendKeysToElement on session a06e7f289eb8d86457efc9c71379fa87 to remote] wire:73 - http-outgoing-0 >> "User-Agent: Apache-HttpClient/4.5.3 (Java/10.0.2)[\r][\n]"
2019-04-02 11:21:24,951 DEBUG [Forwarding sendKeysToElement on session a06e7f289eb8d86457efc9c71379fa87 to remote] wire:73 - http-outgoing-0 >> "Accept-Encoding: gzip,deflate[\r][\n]"
2019-04-02 11:21:24,952 DEBUG [Forwarding sendKeysToElement on session a06e7f289eb8d86457efc9c71379fa87 to remote] wire:73 - http-outgoing-0 >> "[\r][\n]"
2019-04-02 11:21:24,952 DEBUG [Forwarding sendKeysToElement on session a06e7f289eb8d86457efc9c71379fa87 to remote] wire:87 - http-outgoing-0 >> "{"id":"0.10697895706122829-3","value":["1234567891","[0xee][0x80][0x87]"]}"
2019-04-02 11:21:26,044 DEBUG [Forwarding sendKeysToElement on session a06e7f289eb8d86457efc9c71379fa87 to remote] wire:73 - http-outgoing-0 << "HTTP/1.1 200 OK[\r][\n]"
2019-04-02 11:21:26,045 DEBUG [Forwarding sendKeysToElement on session a06e7f289eb8d86457efc9c71379fa87 to remote] wire:73 - http-outgoing-0 << "Content-Length:72[\r][\n]"
2019-04-02 11:21:26,045 DEBUG [Forwarding sendKeysToElement on session a06e7f289eb8d86457efc9c71379fa87 to remote] wire:73 - http-outgoing-0 << "Content-Type:application/json; charset=utf-8[\r][\n]"
2019-04-02 11:21:26,046 DEBUG [Forwarding sendKeysToElement on session a06e7f289eb8d86457efc9c71379fa87 to remote] wire:73 - http-outgoing-0 << "[\r][\n]"
2019-04-02 11:21:26,046 DEBUG [Forwarding sendKeysToElement on session a06e7f289eb8d86457efc9c71379fa87 to remote] wire:87 - http-outgoing-0 << "{"sessionId":"a06e7f289eb8d86457efc9c71379fa87","status":0,"value":null}"
2019-04-02 11:21:26,047 DEBUG [Forwarding sendKeysToElement on session a06e7f289eb8d86457efc9c71379fa87 to remote] headers:122 - http-outgoing-0 << HTTP/1.1 200 OK
2019-04-02 11:21:26,047 DEBUG [Forwarding sendKeysToElement on session a06e7f289eb8d86457efc9c71379fa87 to remote] headers:125 - http-outgoing-0 << Content-Length:72
2019-04-02 11:21:26,048 DEBUG [Forwarding sendKeysToElement on session a06e7f289eb8d86457efc9c71379fa87 to remote] headers:125 - http-outgoing-0 << Content-Type:application/json; charset=utf-8
2019-04-02 11:21:26,048 DEBUG [Forwarding sendKeysToElement on session a06e7f289eb8d86457efc9c71379fa87 to remote] MainClientExec:285 - Connection can be kept alive indefinitely
2019-04-02 11:21:26,049 DEBUG [Forwarding sendKeysToElement on session a06e7f289eb8d86457efc9c71379fa87 to remote] PoolingHttpClientConnectionManager:320 - Connection [id: 0][route: {}->http://localhost:40624] can be kept alive indefinitely
2019-04-02 11:21:26,049 DEBUG [Forwarding sendKeysToElement on session a06e7f289eb8d86457efc9c71379fa87 to remote] PoolingHttpClientConnectionManager:326 - Connection released: [id: 0][route: {}->http://localhost:40624][total kept alive: 1; route allocated: 1 of 2000; total allocated: 1 of 2000]
2019-04-02 11:21:30,052 DEBUG [Forwarding findElement on session a06e7f289eb8d86457efc9c71379fa87 to remote] RequestAddCookies:123 - CookieSpec selected: default
2019-04-02 11:21:30,053 DEBUG [Forwarding findElement on session a06e7f289eb8d86457efc9c71379fa87 to remote] RequestAuthCache:77 - Auth cache not set in the context
2019-04-02 11:21:30,055 DEBUG [Forwarding findElement on session a06e7f289eb8d86457efc9c71379fa87 to remote] PoolingHttpClientConnectionManager:255 - Connection request: [route: {}->http://localhost:40624][total kept alive: 1; route allocated: 1 of 2000; total allocated: 1 of 2000]
2019-04-02 11:21:30,057 DEBUG [Forwarding findElement on session a06e7f289eb8d86457efc9c71379fa87 to remote] wire:87 - http-outgoing-0 << "[read] I/O error: Read timed out"
2019-04-02 11:21:30,058 DEBUG [Forwarding findElement on session a06e7f289eb8d86457efc9c71379fa87 to remote] PoolingHttpClientConnectionManager:288 - Connection leased: [id: 0][route: {}->http://localhost:40624][total kept alive: 0; route allocated: 1 of 2000; total allocated: 1 of 2000]
2019-04-02 11:21:30,059 DEBUG [Forwarding findElement on session a06e7f289eb8d86457efc9c71379fa87 to remote] MainClientExec:208 - Stale connection check
2019-04-02 11:21:30,061 DEBUG [Forwarding findElement on session a06e7f289eb8d86457efc9c71379fa87 to remote] wire:87 - http-outgoing-0 << "[read] I/O error: Read timed out"
2019-04-02 11:21:30,062 DEBUG [Forwarding findElement on session a06e7f289eb8d86457efc9c71379fa87 to remote] DefaultManagedHttpClientConnection:88 - http-outgoing-0: set socket timeout to 10800000
2019-04-02 11:21:30,062 DEBUG [Forwarding findElement on session a06e7f289eb8d86457efc9c71379fa87 to remote] MainClientExec:256 - Executing request POST /session/a06e7f289eb8d86457efc9c71379fa87/element HTTP/1.1
2019-04-02 11:21:30,062 DEBUG [Forwarding findElement on session a06e7f289eb8d86457efc9c71379fa87 to remote] MainClientExec:261 - Target auth state: UNCHALLENGED
2019-04-02 11:21:30,063 DEBUG [Forwarding findElement on session a06e7f289eb8d86457efc9c71379fa87 to remote] MainClientExec:267 - Proxy auth state: UNCHALLENGED
2019-04-02 11:21:30,063 DEBUG [Forwarding findElement on session a06e7f289eb8d86457efc9c71379fa87 to remote] headers:133 - http-outgoing-0 >> POST /session/a06e7f289eb8d86457efc9c71379fa87/element HTTP/1.1
2019-04-02 11:21:30,065 DEBUG [Forwarding findElement on session a06e7f289eb8d86457efc9c71379fa87 to remote] headers:136 - http-outgoing-0 >> Content-Type: application/json; charset=utf-8
2019-04-02 11:21:30,065 DEBUG [Forwarding findElement on session a06e7f289eb8d86457efc9c71379fa87 to remote] headers:136 - http-outgoing-0 >> Content-Length: 60
2019-04-02 11:21:30,066 DEBUG [Forwarding findElement on session a06e7f289eb8d86457efc9c71379fa87 to remote] headers:136 - http-outgoing-0 >> Host: localhost:40624
2019-04-02 11:21:30,070 DEBUG [Forwarding findElement on session a06e7f289eb8d86457efc9c71379fa87 to remote] headers:136 - http-outgoing-0 >> Connection: Keep-Alive
2019-04-02 11:21:30,070 DEBUG [Forwarding findElement on session a06e7f289eb8d86457efc9c71379fa87 to remote] headers:136 - http-outgoing-0 >> User-Agent: Apache-HttpClient/4.5.3 (Java/10.0.2)
2019-04-02 11:21:30,071 DEBUG [Forwarding findElement on session a06e7f289eb8d86457efc9c71379fa87 to remote] headers:136 - http-outgoing-0 >> Accept-Encoding: gzip,deflate
2019-04-02 11:21:30,071 DEBUG [Forwarding findElement on session a06e7f289eb8d86457efc9c71379fa87 to remote] wire:73 - http-outgoing-0 >> "POST /session/a06e7f289eb8d86457efc9c71379fa87/element HTTP/1.1[\r][\n]"
2019-04-02 11:21:30,071 DEBUG [Forwarding findElement on session a06e7f289eb8d86457efc9c71379fa87 to remote] wire:73 - http-outgoing-0 >> "Content-Type: application/json; charset=utf-8[\r][\n]"
2019-04-02 11:21:30,072 DEBUG [Forwarding findElement on session a06e7f289eb8d86457efc9c71379fa87 to remote] wire:73 - http-outgoing-0 >> "Content-Length: 60[\r][\n]"
2019-04-02 11:21:30,073 DEBUG [Forwarding findElement on session a06e7f289eb8d86457efc9c71379fa87 to remote] wire:73 - http-outgoing-0 >> "Host: localhost:40624[\r][\n]"
2019-04-02 11:21:30,073 DEBUG [Forwarding findElement on session a06e7f289eb8d86457efc9c71379fa87 to remote] wire:73 - http-outgoing-0 >> "Connection: Keep-Alive[\r][\n]"
2019-04-02 11:21:30,074 DEBUG [Forwarding findElement on session a06e7f289eb8d86457efc9c71379fa87 to remote] wire:73 - http-outgoing-0 >> "User-Agent: Apache-HttpClient/4.5.3 (Java/10.0.2)[\r][\n]"
2019-04-02 11:21:30,074 DEBUG [Forwarding findElement on session a06e7f289eb8d86457efc9c71379fa87 to remote] wire:73 - http-outgoing-0 >> "Accept-Encoding: gzip,deflate[\r][\n]"
2019-04-02 11:21:30,077 DEBUG [Forwarding findElement on session a06e7f289eb8d86457efc9c71379fa87 to remote] wire:73 - http-outgoing-0 >> "[\r][\n]"
2019-04-02 11:21:30,078 DEBUG [Forwarding findElement on session a06e7f289eb8d86457efc9c71379fa87 to remote] wire:87 - http-outgoing-0 >> "{"using":"xpath","value":"//*[@class='clip-chevron-right']"}"
2019-04-02 11:21:30,110 DEBUG [Forwarding findElement on session a06e7f289eb8d86457efc9c71379fa87 to remote] wire:73 - http-outgoing-0 << "HTTP/1.1 200 OK[\r][\n]"
2019-04-02 11:21:30,121 DEBUG [Forwarding findElement on session a06e7f289eb8d86457efc9c71379fa87 to remote] wire:73 - http-outgoing-0 << "Content-Length:262[\r][\n]"
2019-04-02 11:21:30,125 DEBUG [Forwarding findElement on session a06e7f289eb8d86457efc9c71379fa87 to remote] wire:73 - http-outgoing-0 << "Content-Type:application/json; charset=utf-8[\r][\n]"
2019-04-02 11:21:30,126 DEBUG [Forwarding findElement on session a06e7f289eb8d86457efc9c71379fa87 to remote] wire:73 - http-outgoing-0 << "[\r][\n]"
2019-04-02 11:21:30,129 DEBUG [Forwarding findElement on session a06e7f289eb8d86457efc9c71379fa87 to remote] wire:87 - http-outgoing-0 << "{"sessionId":"a06e7f289eb8d86457efc9c71379fa87","status":100,"value":{"message":"chrome not reachable\n  (Session info: chrome=73.0.3683.86)\n  (Driver info: chromedriver=2.42.591059 (a3d9684d10d61aa0c45f6723b327283be1ebaad8),platform=Mac OS X 10.13.6 x86_64)"}}"
2019-04-02 11:21:30,133 DEBUG [Forwarding findElement on session a06e7f289eb8d86457efc9c71379fa87 to remote] headers:122 - http-outgoing-0 << HTTP/1.1 200 OK
2019-04-02 11:21:30,134 DEBUG [Forwarding findElement on session a06e7f289eb8d86457efc9c71379fa87 to remote] headers:125 - http-outgoing-0 << Content-Length:262
2019-04-02 11:21:30,136 DEBUG [Forwarding findElement on session a06e7f289eb8d86457efc9c71379fa87 to remote] headers:125 - http-outgoing-0 << Content-Type:application/json; charset=utf-8
2019-04-02 11:21:30,137 DEBUG [Forwarding findElement on session a06e7f289eb8d86457efc9c71379fa87 to remote] MainClientExec:285 - Connection can be kept alive indefinitely
2019-04-02 11:21:30,140 DEBUG [Forwarding findElement on session a06e7f289eb8d86457efc9c71379fa87 to remote] PoolingHttpClientConnectionManager:320 - Connection [id: 0][route: {}->http://localhost:40624] can be kept alive indefinitely
2019-04-02 11:21:30,142 DEBUG [Forwarding findElement on session a06e7f289eb8d86457efc9c71379fa87 to remote] PoolingHttpClientConnectionManager:326 - Connection released: [id: 0][route: {}->http://localhost:40624][total kept alive: 1; route allocated: 1 of 2000; total allocated: 1 of 2000]
